[03-Oct-2018 14:13:14 UTC] PHP Warning:  require(classes/Autoload.php): failed to open stream: No such file or directory in /home/ubuntu/workspace/primerosejemplos/leerobjetos2/pagina.php on line 3
[03-Oct-2018 14:13:14 UTC] PHP Fatal error:  require(): Failed opening required 'classes/Autoload.php' (include_path='.:/usr/share/php') in /home/ubuntu/workspace/primerosejemplos/leerobjetos2/pagina.php on line 3
[03-Oct-2018 14:22:36 UTC] PHP Fatal error:  Uncaught TypeError: Argument 1 passed to Alumno::set() must be of the type array, none given, called in /home/ubuntu/workspace/primerosejemplos/leerobjetos3/classes/Reader.php on line 59 and defined in /home/ubuntu/workspace/primerosejemplos/leerobjetos3/classes/Comun.php:21
Stack trace:
#0 /home/ubuntu/workspace/primerosejemplos/leerobjetos3/classes/Reader.php(59): Alumno->set()
#1 /home/ubuntu/workspace/primerosejemplos/leerobjetos3/pagina.php(9): Reader::readObject('Alumno', 'set', 'get')
#2 {main}
  thrown in /home/ubuntu/workspace/primerosejemplos/leerobjetos3/classes/Comun.php on line 21
[03-Oct-2018 14:22:55 UTC] PHP Fatal error:  Uncaught TypeError: Argument 1 passed to Alumno::set() must be of the type array, none given, called in /home/ubuntu/workspace/primerosejemplos/leerobjetos3/classes/Reader.php on line 59 and defined in /home/ubuntu/workspace/primerosejemplos/leerobjetos3/classes/Comun.php:21
Stack trace:
#0 /home/ubuntu/workspace/primerosejemplos/leerobjetos3/classes/Reader.php(59): Alumno->set()
#1 /home/ubuntu/workspace/primerosejemplos/leerobjetos3/pagina.php(9): Reader::readObject('Alumno', 'set', 'set')
#2 {main}
  thrown in /home/ubuntu/workspace/primerosejemplos/leerobjetos3/classes/Comun.php on line 21
[11-Oct-2018 07:25:57 UTC] PHP Fatal error:  Uncaught Error: Undefined class constant 'KEEP' in /home/ubuntu/workspace/primerosejemplos/archivosexternos/pagina1.php:5
Stack trace:
#0 {main}
  thrown in /home/ubuntu/workspace/primerosejemplos/archivosexternos/pagina1.php on line 5
[11-Oct-2018 07:26:28 UTC] PHP Warning:  move_uploaded_file(./privado/esta3.jpg): failed to open stream: No such file or directory in /home/ubuntu/workspace/primerosejemplos/classes/Upload.php on line 60
[11-Oct-2018 07:26:28 UTC] PHP Warning:  move_uploaded_file(): Unable to move '/tmp/phprYMlhP' to './privado/esta3.jpg' in /home/ubuntu/workspace/primerosejemplos/classes/Upload.php on line 60
[23-Oct-2018 10:19:34 UTC] PHP Notice:  Undefined variable: nombre in /home/ubuntu/workspace/primerosejemplos/crearusuarios/Subida.php on line 26
[23-Oct-2018 10:27:19 UTC] PHP Parse error:  syntax error, unexpected '$r' (T_VARIABLE), expecting ',' or ';' in /home/ubuntu/workspace/primerosejemplos/crearusuarios/usuarios.php on line 7
[23-Oct-2018 10:28:00 UTC] PHP Fatal error:  Uncaught Error: Call to private Reader::__construct() from invalid context in /home/ubuntu/workspace/primerosejemplos/crearusuarios/usuarios.php:5
Stack trace:
#0 {main}
  thrown in /home/ubuntu/workspace/primerosejemplos/crearusuarios/usuarios.php on line 5
[23-Oct-2018 13:29:03 UTC] PHP Notice:  Undefined variable: r in /home/ubuntu/workspace/primerosejemplos/crearusuarios/usuarios.php on line 7
[23-Oct-2018 13:29:32 UTC] PHP Notice:  Undefined variable: r in /home/ubuntu/workspace/primerosejemplos/crearusuarios/usuarios.php on line 7
[23-Oct-2018 13:30:11 UTC] PHP Parse error:  syntax error, unexpected '$nombre' (T_VARIABLE), expecting ',' or ';' in /home/ubuntu/workspace/primerosejemplos/crearusuarios/usuarios.php on line 6
[23-Oct-2018 13:33:44 UTC] PHP Fatal error:  Uncaught Error: Call to a member function crearUsuario() on string in /home/ubuntu/workspace/primerosejemplos/crearusuarios/usuarios.php:8
Stack trace:
#0 {main}
  thrown in /home/ubuntu/workspace/primerosejemplos/crearusuarios/usuarios.php on line 8
[23-Oct-2018 13:34:24 UTC] PHP Notice:  Undefined variable: nombre in /home/ubuntu/workspace/primerosejemplos/crearusuarios/Subida.php on line 22
[23-Oct-2018 14:04:19 UTC] PHP Notice:  Use of undefined constant nombre - assumed 'nombre' in /home/ubuntu/workspace/primerosejemplos/crearusuarios/usuarios.php on line 12
[23-Oct-2018 14:04:19 UTC] PHP Notice:  Undefined variable: file in /home/ubuntu/workspace/primerosejemplos/crearusuarios/usuarios.php on line 23
[23-Oct-2018 14:04:19 UTC] PHP Fatal error:  Uncaught Error: Call to a member function upload() on null in /home/ubuntu/workspace/primerosejemplos/crearusuarios/usuarios.php:23
Stack trace:
#0 /home/ubuntu/workspace/primerosejemplos/crearusuarios/usuarios.php(16): subida()
#1 {main}
  thrown in /home/ubuntu/workspace/primerosejemplos/crearusuarios/usuarios.php on line 23
[23-Oct-2018 15:17:22 UTC] PHP Warning:  mkdir(): File exists in /home/ubuntu/workspace/primerosejemplos/crearusuarios/usuarios.php on line 15
[23-Oct-2018 15:17:22 UTC] PHP Warning:  move_uploaded_file(/home/ubuntu/private/holaquetal34860.jpg): failed to open stream: No such file or directory in /home/ubuntu/workspace/primerosejemplos/crearusuarios/Upload.php on line 68
[23-Oct-2018 15:17:22 UTC] PHP Warning:  move_uploaded_file(): Unable to move '/tmp/phpLW1vPe' to '/home/ubuntu/private/holaquetal34860.jpg' in /home/ubuntu/workspace/primerosejemplos/crearusuarios/Upload.php on line 68
[23-Oct-2018 15:33:30 UTC] PHP Fatal error:  Uncaught Error: Call to undefined function getTarget() in /home/ubuntu/workspace/primerosejemplos/crearusuarios/usuarios.php:8
Stack trace:
#0 {main}
  thrown in /home/ubuntu/workspace/primerosejemplos/crearusuarios/usuarios.php on line 8
[23-Oct-2018 15:33:46 UTC] PHP Notice:  Use of undefined constant target - assumed 'target' in /home/ubuntu/workspace/primerosejemplos/crearusuarios/Upload.php on line 107
[23-Oct-2018 15:33:46 UTC] PHP Notice:  Object of class Upload could not be converted to int in /home/ubuntu/workspace/primerosejemplos/crearusuarios/Upload.php on line 107
[23-Oct-2018 15:35:17 UTC] PHP Parse error:  syntax error, unexpected ''/'' (T_CONSTANT_ENCAPSED_STRING), expecting ',' or ')' in /home/ubuntu/workspace/primerosejemplos/crearusuarios/usuarios.php on line 14
[23-Oct-2018 18:58:33 UTC] PHP Parse error:  syntax error, unexpected 'echo' (T_ECHO) in /home/ubuntu/workspace/primerosejemplos/crearusuarios/lista.php on line 18
[23-Oct-2018 18:58:49 UTC] PHP Parse error:  syntax error, unexpected 'echo' (T_ECHO) in /home/ubuntu/workspace/primerosejemplos/crearusuarios/lista.php on line 18
[23-Oct-2018 19:06:32 UTC] PHP Notice:  Undefined variable: directories in /home/ubuntu/workspace/primerosejemplos/crearusuarios/lista.php on line 16
[23-Oct-2018 19:06:32 UTC] PHP Warning:  Invalid argument supplied for foreach() in /home/ubuntu/workspace/primerosejemplos/crearusuarios/lista.php on line 16
[23-Oct-2018 19:16:01 UTC] PHP Notice:  Undefined variable: directories in /home/ubuntu/workspace/primerosejemplos/crearusuarios/lista.php on line 17
[24-Oct-2018 07:09:01 UTC] PHP Warning:  Illegal string offset 'dirname' in /home/ubuntu/workspace/primerosejemplos/crearusuarios/lista.php on line 18
[24-Oct-2018 07:09:01 UTC] PHP Warning:  Illegal string offset 'basename' in /home/ubuntu/workspace/primerosejemplos/crearusuarios/lista.php on line 19
[24-Oct-2018 07:09:01 UTC] PHP Warning:  Illegal string offset 'extension' in /home/ubuntu/workspace/primerosejemplos/crearusuarios/lista.php on line 20
[24-Oct-2018 07:09:01 UTC] PHP Warning:  Illegal string offset 'filename' in /home/ubuntu/workspace/primerosejemplos/crearusuarios/lista.php on line 21
[24-Oct-2018 07:09:01 UTC] PHP Warning:  Illegal string offset 'dirname' in /home/ubuntu/workspace/primerosejemplos/crearusuarios/lista.php on line 18
[24-Oct-2018 07:09:01 UTC] PHP Warning:  Illegal string offset 'basename' in /home/ubuntu/workspace/primerosejemplos/crearusuarios/lista.php on line 19
[24-Oct-2018 07:09:01 UTC] PHP Warning:  Illegal string offset 'extension' in /home/ubuntu/workspace/primerosejemplos/crearusuarios/lista.php on line 20
[24-Oct-2018 07:09:01 UTC] PHP Warning:  Illegal string offset 'filename' in /home/ubuntu/workspace/primerosejemplos/crearusuarios/lista.php on line 21
[24-Oct-2018 07:09:01 UTC] PHP Warning:  Illegal string offset 'dirname' in /home/ubuntu/workspace/primerosejemplos/crearusuarios/lista.php on line 18
[24-Oct-2018 07:09:01 UTC] PHP Warning:  Illegal string offset 'basename' in /home/ubuntu/workspace/primerosejemplos/crearusuarios/lista.php on line 19
[24-Oct-2018 07:09:01 UTC] PHP Warning:  Illegal string offset 'extension' in /home/ubuntu/workspace/primerosejemplos/crearusuarios/lista.php on line 20
[24-Oct-2018 07:09:01 UTC] PHP Warning:  Illegal string offset 'filename' in /home/ubuntu/workspace/primerosejemplos/crearusuarios/lista.php on line 21
[24-Oct-2018 07:13:13 UTC] PHP Warning:  Illegal string offset 'dirname' in /home/ubuntu/workspace/primerosejemplos/crearusuarios/lista.php on line 18
[24-Oct-2018 07:13:13 UTC] PHP Warning:  Illegal string offset 'basename' in /home/ubuntu/workspace/primerosejemplos/crearusuarios/lista.php on line 19
[24-Oct-2018 07:13:13 UTC] PHP Warning:  Illegal string offset 'extension' in /home/ubuntu/workspace/primerosejemplos/crearusuarios/lista.php on line 20
[24-Oct-2018 07:13:13 UTC] PHP Warning:  Illegal string offset 'filename' in /home/ubuntu/workspace/primerosejemplos/crearusuarios/lista.php on line 21
[24-Oct-2018 07:13:13 UTC] PHP Warning:  Illegal string offset 'dirname' in /home/ubuntu/workspace/primerosejemplos/crearusuarios/lista.php on line 18
[24-Oct-2018 07:13:13 UTC] PHP Warning:  Illegal string offset 'basename' in /home/ubuntu/workspace/primerosejemplos/crearusuarios/lista.php on line 19
[24-Oct-2018 07:13:13 UTC] PHP Warning:  Illegal string offset 'extension' in /home/ubuntu/workspace/primerosejemplos/crearusuarios/lista.php on line 20
[24-Oct-2018 07:13:13 UTC] PHP Warning:  Illegal string offset 'filename' in /home/ubuntu/workspace/primerosejemplos/crearusuarios/lista.php on line 21
[24-Oct-2018 07:13:13 UTC] PHP Warning:  Illegal string offset 'dirname' in /home/ubuntu/workspace/primerosejemplos/crearusuarios/lista.php on line 18
[24-Oct-2018 07:13:13 UTC] PHP Warning:  Illegal string offset 'basename' in /home/ubuntu/workspace/primerosejemplos/crearusuarios/lista.php on line 19
[24-Oct-2018 07:13:13 UTC] PHP Warning:  Illegal string offset 'extension' in /home/ubuntu/workspace/primerosejemplos/crearusuarios/lista.php on line 20
[24-Oct-2018 07:13:13 UTC] PHP Warning:  Illegal string offset 'filename' in /home/ubuntu/workspace/primerosejemplos/crearusuarios/lista.php on line 21
[24-Oct-2018 07:13:56 UTC] PHP Notice:  Undefined index: extension in /home/ubuntu/workspace/primerosejemplos/crearusuarios/lista.php on line 20
[24-Oct-2018 07:13:56 UTC] PHP Notice:  Undefined index: extension in /home/ubuntu/workspace/primerosejemplos/crearusuarios/lista.php on line 20
[24-Oct-2018 07:13:56 UTC] PHP Notice:  Undefined index: extension in /home/ubuntu/workspace/primerosejemplos/crearusuarios/lista.php on line 20
[24-Oct-2018 07:36:46 UTC] PHP Parse error:  syntax error, unexpected '<' in /home/ubuntu/workspace/primerosejemplos/crearusuarios/lista.php on line 21
[24-Oct-2018 07:38:26 UTC] PHP Parse error:  syntax error, unexpected '<' in /home/ubuntu/workspace/primerosejemplos/crearusuarios/lista.php on line 21
[24-Oct-2018 07:38:36 UTC] PHP Parse error:  syntax error, unexpected '<' in /home/ubuntu/workspace/primerosejemplos/crearusuarios/lista.php on line 21
[24-Oct-2018 07:39:54 UTC] PHP Parse error:  syntax error, unexpected '<' in /home/ubuntu/workspace/primerosejemplos/crearusuarios/lista.php on line 21
[24-Oct-2018 07:41:04 UTC] PHP Parse error:  syntax error, unexpected '<' in /home/ubuntu/workspace/primerosejemplos/crearusuarios/lista.php on line 21
[24-Oct-2018 07:42:03 UTC] PHP Parse error:  syntax error, unexpected '<' in /home/ubuntu/workspace/primerosejemplos/crearusuarios/lista.php on line 21
[24-Oct-2018 16:09:12 UTC] PHP Notice:  getimagesize(): Read error! in /home/ubuntu/workspace/primerosejemplos/crearusuarios/imagen.php on line 16
[24-Oct-2018 16:09:12 UTC] PHP Notice:  getimagesize(): Read error! in /home/ubuntu/workspace/primerosejemplos/crearusuarios/imagen.php on line 16
[24-Oct-2018 16:09:12 UTC] PHP Notice:  getimagesize(): Read error! in /home/ubuntu/workspace/primerosejemplos/crearusuarios/imagen.php on line 16
[24-Oct-2018 16:09:12 UTC] PHP Notice:  getimagesize(): Read error! in /home/ubuntu/workspace/primerosejemplos/crearusuarios/imagen.php on line 16
[24-Oct-2018 16:09:12 UTC] PHP Notice:  getimagesize(): Read error! in /home/ubuntu/workspace/primerosejemplos/crearusuarios/imagen.php on line 16
[24-Oct-2018 16:09:12 UTC] PHP Notice:  getimagesize(): Read error! in /home/ubuntu/workspace/primerosejemplos/crearusuarios/imagen.php on line 16
[24-Oct-2018 16:09:12 UTC] PHP Notice:  getimagesize(): Read error! in /home/ubuntu/workspace/primerosejemplos/crearusuarios/imagen.php on line 16
[24-Oct-2018 16:09:12 UTC] PHP Notice:  getimagesize(): Read error! in /home/ubuntu/workspace/primerosejemplos/crearusuarios/imagen.php on line 16
[24-Oct-2018 16:09:12 UTC] PHP Notice:  getimagesize(): Read error! in /home/ubuntu/workspace/primerosejemplos/crearusuarios/imagen.php on line 16
[24-Oct-2018 16:09:12 UTC] PHP Notice:  getimagesize(): Read error! in /home/ubuntu/workspace/primerosejemplos/crearusuarios/imagen.php on line 16
[24-Oct-2018 16:09:12 UTC] PHP Notice:  getimagesize(): Read error! in /home/ubuntu/workspace/primerosejemplos/crearusuarios/imagen.php on line 16
[24-Oct-2018 16:09:26 UTC] PHP Notice:  getimagesize(): Read error! in /home/ubuntu/workspace/primerosejemplos/crearusuarios/imagen.php on line 16
[24-Oct-2018 16:09:26 UTC] PHP Notice:  getimagesize(): Read error! in /home/ubuntu/workspace/primerosejemplos/crearusuarios/imagen.php on line 16
[24-Oct-2018 16:09:26 UTC] PHP Notice:  getimagesize(): Read error! in /home/ubuntu/workspace/primerosejemplos/crearusuarios/imagen.php on line 16
[24-Oct-2018 16:09:26 UTC] PHP Notice:  getimagesize(): Read error! in /home/ubuntu/workspace/primerosejemplos/crearusuarios/imagen.php on line 16
[24-Oct-2018 16:09:26 UTC] PHP Notice:  getimagesize(): Read error! in /home/ubuntu/workspace/primerosejemplos/crearusuarios/imagen.php on line 16
[24-Oct-2018 16:09:26 UTC] PHP Notice:  getimagesize(): Read error! in /home/ubuntu/workspace/primerosejemplos/crearusuarios/imagen.php on line 16
[24-Oct-2018 16:09:26 UTC] PHP Notice:  getimagesize(): Read error! in /home/ubuntu/workspace/primerosejemplos/crearusuarios/imagen.php on line 16
[24-Oct-2018 16:09:26 UTC] PHP Notice:  getimagesize(): Read error! in /home/ubuntu/workspace/primerosejemplos/crearusuarios/imagen.php on line 16
[24-Oct-2018 16:09:26 UTC] PHP Notice:  getimagesize(): Read error! in /home/ubuntu/workspace/primerosejemplos/crearusuarios/imagen.php on line 16
[24-Oct-2018 16:09:26 UTC] PHP Notice:  getimagesize(): Read error! in /home/ubuntu/workspace/primerosejemplos/crearusuarios/imagen.php on line 16
[24-Oct-2018 16:09:26 UTC] PHP Notice:  getimagesize(): Read error! in /home/ubuntu/workspace/primerosejemplos/crearusuarios/imagen.php on line 16
[24-Oct-2018 16:36:32 UTC] PHP Notice:  Array to string conversion in /home/ubuntu/workspace/primerosejemplos/crearusuarios/lista.php on line 20
[24-Oct-2018 16:36:32 UTC] PHP Notice:  Array to string conversion in /home/ubuntu/workspace/primerosejemplos/crearusuarios/lista.php on line 20
[24-Oct-2018 16:36:32 UTC] PHP Notice:  Array to string conversion in /home/ubuntu/workspace/primerosejemplos/crearusuarios/lista.php on line 20
[24-Oct-2018 16:36:32 UTC] PHP Notice:  Array to string conversion in /home/ubuntu/workspace/primerosejemplos/crearusuarios/lista.php on line 20
[24-Oct-2018 16:36:32 UTC] PHP Notice:  Array to string conversion in /home/ubuntu/workspace/primerosejemplos/crearusuarios/lista.php on line 20
[24-Oct-2018 16:36:32 UTC] PHP Notice:  Array to string conversion in /home/ubuntu/workspace/primerosejemplos/crearusuarios/lista.php on line 20
[24-Oct-2018 16:36:32 UTC] PHP Notice:  Array to string conversion in /home/ubuntu/workspace/primerosejemplos/crearusuarios/lista.php on line 20
[24-Oct-2018 16:36:32 UTC] PHP Notice:  Array to string conversion in /home/ubuntu/workspace/primerosejemplos/crearusuarios/lista.php on line 20
[24-Oct-2018 16:36:32 UTC] PHP Notice:  Array to string conversion in /home/ubuntu/workspace/primerosejemplos/crearusuarios/lista.php on line 20
[24-Oct-2018 16:36:32 UTC] PHP Notice:  Array to string conversion in /home/ubuntu/workspace/primerosejemplos/crearusuarios/lista.php on line 20
[24-Oct-2018 16:36:32 UTC] PHP Notice:  Array to string conversion in /home/ubuntu/workspace/primerosejemplos/crearusuarios/lista.php on line 20
[24-Oct-2018 16:49:03 UTC] PHP Fatal error:  Uncaught Error: Class 'Reader' not found in /home/ubuntu/workspace/primerosejemplos/crearusuarios/usuarios.php:3
Stack trace:
#0 {main}
  thrown in /home/ubuntu/workspace/primerosejemplos/crearusuarios/usuarios.php on line 3
[24-Oct-2018 16:49:10 UTC] PHP Fatal error:  Uncaught Error: Class 'Reader' not found in /home/ubuntu/workspace/primerosejemplos/crearusuarios/usuarios.php:3
Stack trace:
#0 {main}
  thrown in /home/ubuntu/workspace/primerosejemplos/crearusuarios/usuarios.php on line 3
[24-Oct-2018 16:52:54 UTC] PHP Fatal error:  Uncaught Error: Class 'Reader' not found in /home/ubuntu/workspace/primerosejemplos/crearusuarios/usuarios.php:3
Stack trace:
#0 {main}
  thrown in /home/ubuntu/workspace/primerosejemplos/crearusuarios/usuarios.php on line 3
[24-Oct-2018 16:53:01 UTC] PHP Fatal error:  Uncaught Error: Class 'Reader' not found in /home/ubuntu/workspace/primerosejemplos/crearusuarios/usuarios.php:3
Stack trace:
#0 {main}
  thrown in /home/ubuntu/workspace/primerosejemplos/crearusuarios/usuarios.php on line 3
[24-Oct-2018 16:54:29 UTC] PHP Warning:  file_get_contents(home/ubuntu/privado/Francisco Javiers/34860.jpg): failed to open stream: No such file or directory in /home/ubuntu/workspace/primerosejemplos/crearusuarios/imagen.php on line 19
[24-Oct-2018 16:54:34 UTC] PHP Warning:  file_get_contents(home/ubuntu/privado/labuenas/34860.jpg): failed to open stream: No such file or directory in /home/ubuntu/workspace/primerosejemplos/crearusuarios/imagen.php on line 19
[24-Oct-2018 16:54:34 UTC] PHP Warning:  file_get_contents(home/ubuntu/privado/asd/1.jpg): failed to open stream: No such file or directory in /home/ubuntu/workspace/primerosejemplos/crearusuarios/imagen.php on line 19
[24-Oct-2018 16:54:37 UTC] PHP Warning:  file_get_contents(home/ubuntu/privado/fran/..): failed to open stream: No such file or directory in /home/ubuntu/workspace/primerosejemplos/crearusuarios/imagen.php on line 19
[24-Oct-2018 16:54:37 UTC] PHP Warning:  file_get_contents(home/ubuntu/privado/labuenas/34860.jpg): failed to open stream: No such file or directory in /home/ubuntu/workspace/primerosejemplos/crearusuarios/imagen.php on line 19
[24-Oct-2018 16:54:39 UTC] PHP Warning:  file_get_contents(home/ubuntu/privado/justin/..): failed to open stream: No such file or directory in /home/ubuntu/workspace/primerosejemplos/crearusuarios/imagen.php on line 19
[24-Oct-2018 16:54:42 UTC] PHP Warning:  file_get_contents(home/ubuntu/privado/fran2343/..): failed to open stream: No such file or directory in /home/ubuntu/workspace/primerosejemplos/crearusuarios/imagen.php on line 19
[24-Oct-2018 16:55:52 UTC] PHP Warning:  file_get_contents(home/ubuntu/privado/Luis/1.jpg): failed to open stream: No such file or directory in /home/ubuntu/workspace/primerosejemplos/crearusuarios/imagen.php on line 19
[24-Oct-2018 16:56:34 UTC] PHP Warning:  file_get_contents(home/ubuntu/privado/Luis/1.jpg): failed to open stream: No such file or directory in /home/ubuntu/workspace/primerosejemplos/crearusuarios/imagen.php on line 17
[24-Oct-2018 16:56:36 UTC] PHP Warning:  file_get_contents(home/ubuntu/privado/Francisco Javiers/34860.jpg): failed to open stream: No such file or directory in /home/ubuntu/workspace/primerosejemplos/crearusuarios/imagen.php on line 17
[24-Oct-2018 16:56:36 UTC] PHP Warning:  file_get_contents(home/ubuntu/privado/labuenas/34860.jpg): failed to open stream: No such file or directory in /home/ubuntu/workspace/primerosejemplos/crearusuarios/imagen.php on line 17
[24-Oct-2018 16:56:40 UTC] PHP Warning:  file_get_contents(home/ubuntu/privado/fran23/..): failed to open stream: No such file or directory in /home/ubuntu/workspace/primerosejemplos/crearusuarios/imagen.php on line 17
[24-Oct-2018 16:56:40 UTC] PHP Warning:  file_get_contents(home/ubuntu/privado/labuenas/34860.jpg): failed to open stream: No such file or directory in /home/ubuntu/workspace/primerosejemplos/crearusuarios/imagen.php on line 17
[24-Oct-2018 16:56:42 UTC] PHP Warning:  file_get_contents(home/ubuntu/privado/fran2/..): failed to open stream: No such file or directory in /home/ubuntu/workspace/primerosejemplos/crearusuarios/imagen.php on line 17
[24-Oct-2018 16:56:44 UTC] PHP Warning:  file_get_contents(home/ubuntu/privado/justins/..): failed to open stream: No such file or directory in /home/ubuntu/workspace/primerosejemplos/crearusuarios/imagen.php on line 17
[24-Oct-2018 16:57:32 UTC] PHP Warning:  file_get_contents(home/ubuntu/privado/asd/1.jpg): failed to open stream: No such file or directory in /home/ubuntu/workspace/primerosejemplos/crearusuarios/imagen.php on line 17
[24-Oct-2018 16:57:34 UTC] PHP Warning:  file_get_contents(home/ubuntu/privado/Luis/1.jpg): failed to open stream: No such file or directory in /home/ubuntu/workspace/primerosejemplos/crearusuarios/imagen.php on line 17
[24-Oct-2018 16:57:45 UTC] PHP Warning:  file_get_contents(home/ubuntu/privado/labuenas/34860.jpg): failed to open stream: No such file or directory in /home/ubuntu/workspace/primerosejemplos/crearusuarios/imagen.php on line 17
[24-Oct-2018 16:57:48 UTC] PHP Warning:  file_get_contents(home/ubuntu/privado/labuenas/34860.jpg): failed to open stream: No such file or directory in /home/ubuntu/workspace/primerosejemplos/crearusuarios/imagen.php on line 17
[24-Oct-2018 16:59:08 UTC] PHP Warning:  file_get_contents(home/ubuntu/privado/labuenas/34860.jpg): failed to open stream: No such file or directory in /home/ubuntu/workspace/primerosejemplos/crearusuarios/imagen.php on line 20
[24-Oct-2018 16:59:10 UTC] PHP Warning:  file_get_contents(home/ubuntu/privado/Luis/1.jpg): failed to open stream: No such file or directory in /home/ubuntu/workspace/primerosejemplos/crearusuarios/imagen.php on line 20
[24-Oct-2018 16:59:40 UTC] PHP Warning:  file_get_contents(home/ubuntu/privado/labuenas/34860.jpg): failed to open stream: No such file or directory in /home/ubuntu/workspace/primerosejemplos/crearusuarios/imagen.php on line 20
[24-Oct-2018 16:59:46 UTC] PHP Warning:  file_get_contents(home/ubuntu/privado/Luis/1.jpg): failed to open stream: No such file or directory in /home/ubuntu/workspace/primerosejemplos/crearusuarios/imagen.php on line 20
[24-Oct-2018 17:00:33 UTC] PHP Warning:  file_get_contents(home/ubuntu/privado/labuenas/34860.jpg): failed to open stream: No such file or directory in /home/ubuntu/workspace/primerosejemplos/crearusuarios/imagen.php on line 20
[24-Oct-2018 17:00:34 UTC] PHP Warning:  file_get_contents(home/ubuntu/privado/labuenas/34860.jpg): failed to open stream: No such file or directory in /home/ubuntu/workspace/primerosejemplos/crearusuarios/imagen.php on line 20
[24-Oct-2018 17:00:35 UTC] PHP Warning:  file_get_contents(home/ubuntu/privado/labuenas/34860.jpg): failed to open stream: No such file or directory in /home/ubuntu/workspace/primerosejemplos/crearusuarios/imagen.php on line 20
[24-Oct-2018 17:00:58 UTC] PHP Notice:  Undefined variable: user in /home/ubuntu/workspace/primerosejemplos/crearusuarios/imagen.php on line 20
[24-Oct-2018 17:00:58 UTC] PHP Warning:  file_get_contents(/home/ubuntu/private//34860.jpg): failed to open stream: No such file or directory in /home/ubuntu/workspace/primerosejemplos/crearusuarios/imagen.php on line 20
[24-Oct-2018 17:01:00 UTC] PHP Notice:  Undefined variable: user in /home/ubuntu/workspace/primerosejemplos/crearusuarios/imagen.php on line 20
[24-Oct-2018 17:01:00 UTC] PHP Warning:  file_get_contents(/home/ubuntu/private//34860.jpg): failed to open stream: No such file or directory in /home/ubuntu/workspace/primerosejemplos/crearusuarios/imagen.php on line 20
[24-Oct-2018 17:01:00 UTC] PHP Notice:  Undefined variable: user in /home/ubuntu/workspace/primerosejemplos/crearusuarios/imagen.php on line 20
[24-Oct-2018 17:01:00 UTC] PHP Warning:  file_get_contents(/home/ubuntu/private//34860.jpg): failed to open stream: No such file or directory in /home/ubuntu/workspace/primerosejemplos/crearusuarios/imagen.php on line 20
[24-Oct-2018 17:01:02 UTC] PHP Notice:  Undefined variable: user in /home/ubuntu/workspace/primerosejemplos/crearusuarios/imagen.php on line 20
[24-Oct-2018 17:01:02 UTC] PHP Warning:  file_get_contents(/home/ubuntu/private//34860.jpg): failed to open stream: No such file or directory in /home/ubuntu/workspace/primerosejemplos/crearusuarios/imagen.php on line 20
[24-Oct-2018 17:01:02 UTC] PHP Notice:  Undefined variable: user in /home/ubuntu/workspace/primerosejemplos/crearusuarios/imagen.php on line 20
[24-Oct-2018 17:01:02 UTC] PHP Warning:  file_get_contents(/home/ubuntu/private//34860.jpg): failed to open stream: No such file or directory in /home/ubuntu/workspace/primerosejemplos/crearusuarios/imagen.php on line 20
[24-Oct-2018 17:01:11 UTC] PHP Warning:  file_get_contents(/home/ubuntu/private/labuenas/34860.jpg): failed to open stream: No such file or directory in /home/ubuntu/workspace/primerosejemplos/crearusuarios/imagen.php on line 20
[24-Oct-2018 17:01:13 UTC] PHP Warning:  file_get_contents(/home/ubuntu/private/labuenas/34860.jpg): failed to open stream: No such file or directory in /home/ubuntu/workspace/primerosejemplos/crearusuarios/imagen.php on line 20
[06-Nov-2018 11:26:07 UTC] PHP Notice:  Undefined variable: texto in /home/ubuntu/workspace/primerosejemplos/login/private.php on line 20
[06-Nov-2018 11:26:07 UTC] PHP Notice:  Undefined variable: texto in /home/ubuntu/workspace/primerosejemplos/login/private.php on line 21
[07-Nov-2018 12:19:15 UTC] PHP Warning:  require(classes/Autoload.php): failed to open stream: No such file or directory in /home/ubuntu/workspace/primerosejemplos/login/index.php on line 3
[07-Nov-2018 12:19:15 UTC] PHP Fatal error:  require(): Failed opening required 'classes/Autoload.php' (include_path='.:/usr/share/php') in /home/ubuntu/workspace/primerosejemplos/login/index.php on line 3
[16-Nov-2018 11:35:13 UTC] PHP Fatal error:  Uncaught Twig_Error_Syntax: Unknown "contenido_principal" tag. in /home/ubuntu/workspace/primerosejemplos/plantillas/twig/_bootstrap_landing.html:39
Stack trace:
#0 /home/ubuntu/workspace/primerosejemplos/plantillas/classes/vendor/twig/twig/lib/Twig/Parser.php(81): Twig_Parser->subparse(NULL, false)
#1 /home/ubuntu/workspace/primerosejemplos/plantillas/classes/vendor/twig/twig/lib/Twig/Environment.php(533): Twig_Parser->parse(Object(Twig_TokenStream))
#2 /home/ubuntu/workspace/primerosejemplos/plantillas/classes/vendor/twig/twig/lib/Twig/Environment.php(565): Twig_Environment->parse(Object(Twig_TokenStream))
#3 /home/ubuntu/workspace/primerosejemplos/plantillas/classes/vendor/twig/twig/lib/Twig/Environment.php(368): Twig_Environment->compileSource(Object(Twig_Source))
#4 /home/ubuntu/workspace/primerosejemplos/plantillas/classes/vendor/twig/twig/lib/Twig/Environment.php(289): Twig_Environment->loadTemplate('_bootstrap_land...')
#5 /home/ubuntu/workspace/primerosejemplos/plantillas/plantilla3.php(8): Twig_Envi in /home/ubuntu/workspace/primerosejemplos/plantillas/twig/_bootstrap_landing.html on line 39
[16-Nov-2018 11:37:02 UTC] PHP Fatal error:  Uncaught Twig_Error_Syntax: Unknown "contenido_principal" tag. in /home/ubuntu/workspace/primerosejemplos/plantillas/twig/_bootstrap_landing.html:39
Stack trace:
#0 /home/ubuntu/workspace/primerosejemplos/plantillas/classes/vendor/twig/twig/lib/Twig/Parser.php(81): Twig_Parser->subparse(NULL, false)
#1 /home/ubuntu/workspace/primerosejemplos/plantillas/classes/vendor/twig/twig/lib/Twig/Environment.php(533): Twig_Parser->parse(Object(Twig_TokenStream))
#2 /home/ubuntu/workspace/primerosejemplos/plantillas/classes/vendor/twig/twig/lib/Twig/Environment.php(565): Twig_Environment->parse(Object(Twig_TokenStream))
#3 /home/ubuntu/workspace/primerosejemplos/plantillas/classes/vendor/twig/twig/lib/Twig/Environment.php(368): Twig_Environment->compileSource(Object(Twig_Source))
#4 /home/ubuntu/workspace/primerosejemplos/plantillas/classes/vendor/twig/twig/lib/Twig/Environment.php(289): Twig_Environment->loadTemplate('_bootstrap_land...')
#5 /home/ubuntu/workspace/primerosejemplos/plantillas/plantilla3.php(8): Twig_Envi in /home/ubuntu/workspace/primerosejemplos/plantillas/twig/_bootstrap_landing.html on line 39
