[25-Oct-2018 07:02:13 UTC] PHP Fatal error:  Uncaught Error: Class 'izv\database\App' not found in /home/ubuntu/workspace/proyecto/classes/izv/database/Database.php:23
Stack trace:
#0 /home/ubuntu/workspace/proyecto/producto/index.php(8): izv\database\Database->__construct()
#1 {main}
  thrown in /home/ubuntu/workspace/proyecto/classes/izv/database/Database.php on line 23
[25-Oct-2018 07:02:21 UTC] PHP Fatal error:  Uncaught Error: Class 'izv\database\App' not found in /home/ubuntu/workspace/proyecto/classes/izv/database/Database.php:23
Stack trace:
#0 /home/ubuntu/workspace/proyecto/producto/index.php(8): izv\database\Database->__construct()
#1 {main}
  thrown in /home/ubuntu/workspace/proyecto/classes/izv/database/Database.php on line 23
[25-Oct-2018 07:07:24 UTC] PHP Fatal error:  Uncaught Error: Class 'izv\database\PDO' not found in /home/ubuntu/workspace/proyecto/classes/izv/database/Database.php:36
Stack trace:
#0 /home/ubuntu/workspace/proyecto/producto/index.php(10): izv\database\Database->connect()
#1 {main}
  thrown in /home/ubuntu/workspace/proyecto/classes/izv/database/Database.php on line 36
[25-Oct-2018 07:08:09 UTC] PHP Fatal error:  Uncaught Error: Class 'izv\database\PDO' not found in /home/ubuntu/workspace/proyecto/classes/izv/database/Database.php:41
Stack trace:
#0 /home/ubuntu/workspace/proyecto/producto/index.php(10): izv\database\Database->connect()
#1 {main}
  thrown in /home/ubuntu/workspace/proyecto/classes/izv/database/Database.php on line 41
[25-Oct-2018 07:08:32 UTC] PHP Fatal error:  Uncaught Error: Class 'Reader' not found in /home/ubuntu/workspace/proyecto/producto/index.php:17
Stack trace:
#0 {main}
  thrown in /home/ubuntu/workspace/proyecto/producto/index.php on line 17
[25-Oct-2018 07:13:24 UTC] PHP Notice:  Undefined variable: sentencia in /home/ubuntu/workspace/proyecto/producto/index.php on line 73
[25-Oct-2018 07:13:24 UTC] PHP Fatal error:  Uncaught Error: Call to a member function fetch() on null in /home/ubuntu/workspace/proyecto/producto/index.php:73
Stack trace:
#0 {main}
  thrown in /home/ubuntu/workspace/proyecto/producto/index.php on line 73
[25-Oct-2018 07:13:30 UTC] PHP Notice:  Undefined variable: sentencia in /home/ubuntu/workspace/proyecto/producto/index.php on line 73
[25-Oct-2018 07:13:30 UTC] PHP Fatal error:  Uncaught Error: Call to a member function fetch() on null in /home/ubuntu/workspace/proyecto/producto/index.php:73
Stack trace:
#0 {main}
  thrown in /home/ubuntu/workspace/proyecto/producto/index.php on line 73
[25-Oct-2018 07:14:12 UTC] PHP Fatal error:  Uncaught Error: Class 'Producto' not found in /home/ubuntu/workspace/proyecto/producto/index.php:75
Stack trace:
#0 {main}
  thrown in /home/ubuntu/workspace/proyecto/producto/index.php on line 75
[25-Oct-2018 08:16:17 UTC] PHP Fatal error:  Uncaught TypeError: Argument 1 passed to izv\managedata\ManageProducto::__construct() must be an instance of izv\managedata\Database, instance of izv\database\Database given, called in /home/ubuntu/workspace/proyecto/producto/index.php on line 11 and defined in /home/ubuntu/workspace/proyecto/classes/izv/managedata/ManageProducto.php:9
Stack trace:
#0 /home/ubuntu/workspace/proyecto/producto/index.php(11): izv\managedata\ManageProducto->__construct(Object(izv\database\Database))
#1 {main}
  thrown in /home/ubuntu/workspace/proyecto/classes/izv/managedata/ManageProducto.php on line 9
[25-Oct-2018 08:17:56 UTC] PHP Notice:  Undefined property: izv\managedata\ManageProducto::$bd in /home/ubuntu/workspace/proyecto/classes/izv/managedata/ManageProducto.php on line 63
[25-Oct-2018 08:17:56 UTC] PHP Fatal error:  Uncaught Error: Call to a member function getSentence() on null in /home/ubuntu/workspace/proyecto/classes/izv/managedata/ManageProducto.php:63
Stack trace:
#0 /home/ubuntu/workspace/proyecto/producto/index.php(12): izv\managedata\ManageProducto->getAll()
#1 {main}
  thrown in /home/ubuntu/workspace/proyecto/classes/izv/managedata/ManageProducto.php on line 63
[25-Oct-2018 19:23:17 UTC] PHP Parse error:  syntax error, unexpected '';' (T_CONSTANT_ENCAPSED_STRING), expecting ';' in /home/ubuntu/workspace/proyecto/classes/izv/tools/Util.php on line 22
[25-Oct-2018 19:24:06 UTC] PHP Fatal error:  Uncaught Error: Call to undefined method izv\tools\Util::getAlert() in /home/ubuntu/workspace/proyecto/classes/izv/tools/Util.php:14
Stack trace:
#0 /home/ubuntu/workspace/proyecto/producto/index.php(76): izv\tools\Util::dangerAlert('Error')
#1 {main}
  thrown in /home/ubuntu/workspace/proyecto/classes/izv/tools/Util.php on line 14
[30-Oct-2018 09:36:14 UTC] PHP Notice:  Undefined variable: id in /home/ubuntu/workspace/proyecto/producto/edit.php on line 13
[30-Oct-2018 09:36:14 UTC] PHP Notice:  Undefined property: izv\managedata\ManageProducto::$bd in /home/ubuntu/workspace/proyecto/classes/izv/managedata/ManageProducto.php on line 49
[30-Oct-2018 09:36:14 UTC] PHP Fatal error:  Uncaught Error: Call to a member function getSentence() on null in /home/ubuntu/workspace/proyecto/classes/izv/managedata/ManageProducto.php:49
Stack trace:
#0 /home/ubuntu/workspace/proyecto/producto/edit.php(13): izv\managedata\ManageProducto->get(NULL)
#1 {main}
  thrown in /home/ubuntu/workspace/proyecto/classes/izv/managedata/ManageProducto.php on line 49
[30-Oct-2018 09:36:46 UTC] PHP Notice:  Undefined variable: id in /home/ubuntu/workspace/proyecto/producto/edit.php on line 13
[30-Oct-2018 09:36:55 UTC] PHP Notice:  Undefined variable: id in /home/ubuntu/workspace/proyecto/producto/edit.php on line 13
[30-Oct-2018 09:36:58 UTC] PHP Notice:  Undefined variable: id in /home/ubuntu/workspace/proyecto/producto/edit.php on line 13
[30-Oct-2018 09:40:31 UTC] PHP Notice:  Undefined variable: id in /home/ubuntu/workspace/proyecto/producto/edit.php on line 13
[30-Oct-2018 09:40:38 UTC] PHP Notice:  Undefined variable: id in /home/ubuntu/workspace/proyecto/producto/edit.php on line 13
[30-Oct-2018 09:55:24 UTC] PHP Notice:  Undefined variable: producto in /home/ubuntu/workspace/proyecto/producto/dodelete.php on line 20
[30-Oct-2018 09:55:24 UTC] PHP Fatal error:  Uncaught Error: Call to undefined method izv\tools\Util::url() in /home/ubuntu/workspace/proyecto/producto/dodelete.php:22
Stack trace:
#0 {main}
  thrown in /home/ubuntu/workspace/proyecto/producto/dodelete.php on line 22
[30-Oct-2018 09:55:56 UTC] PHP Fatal error:  Uncaught Error: Call to undefined method izv\tools\Util::url() in /home/ubuntu/workspace/proyecto/producto/dodelete.php:22
Stack trace:
#0 {main}
  thrown in /home/ubuntu/workspace/proyecto/producto/dodelete.php on line 22
[30-Oct-2018 09:56:24 UTC] PHP Fatal error:  Uncaught Error: Call to undefined method izv\tools\Util::url() in /home/ubuntu/workspace/proyecto/producto/dodelete.php:22
Stack trace:
#0 {main}
  thrown in /home/ubuntu/workspace/proyecto/producto/dodelete.php on line 22
[30-Oct-2018 09:59:38 UTC] PHP Fatal error:  Uncaught Error: Call to undefined method izv\tools\Util::url() in /home/ubuntu/workspace/proyecto/producto/dodelete.php:28
Stack trace:
#0 {main}
  thrown in /home/ubuntu/workspace/proyecto/producto/dodelete.php on line 28
[06-Nov-2018 16:50:48 UTC] PHP Notice:  Undefined variable: producto in /home/ubuntu/workspace/proyecto2/usuario/index.php on line 100
[06-Nov-2018 16:50:48 UTC] PHP Fatal error:  Uncaught Error: Call to a member function getId() on null in /home/ubuntu/workspace/proyecto2/usuario/index.php:100
Stack trace:
#0 {main}
  thrown in /home/ubuntu/workspace/proyecto2/usuario/index.php on line 100
[06-Nov-2018 17:42:34 UTC] PHP Notice:  Undefined variable: producto in /home/ubuntu/workspace/proyecto2/usuario/index.php on line 100
[06-Nov-2018 17:42:34 UTC] PHP Fatal error:  Uncaught Error: Call to a member function getId() on null in /home/ubuntu/workspace/proyecto2/usuario/index.php:100
Stack trace:
#0 {main}
  thrown in /home/ubuntu/workspace/proyecto2/usuario/index.php on line 100
[06-Nov-2018 19:04:14 UTC] PHP Notice:  Undefined variable: producto in /home/ubuntu/workspace/proyecto2/usuario/index.php on line 100
[06-Nov-2018 19:04:14 UTC] PHP Fatal error:  Uncaught Error: Call to a member function getId() on null in /home/ubuntu/workspace/proyecto2/usuario/index.php:100
Stack trace:
#0 {main}
  thrown in /home/ubuntu/workspace/proyecto2/usuario/index.php on line 100
[06-Nov-2018 19:05:41 UTC] PHP Notice:  Undefined variable: producto in /home/ubuntu/workspace/proyecto2/usuario/index.php on line 100
[06-Nov-2018 19:05:41 UTC] PHP Fatal error:  Uncaught Error: Call to a member function getId() on null in /home/ubuntu/workspace/proyecto2/usuario/index.php:100
Stack trace:
#0 {main}
  thrown in /home/ubuntu/workspace/proyecto2/usuario/index.php on line 100
[06-Nov-2018 19:05:51 UTC] PHP Notice:  Undefined variable: producto in /home/ubuntu/workspace/proyecto2/usuario/index.php on line 100
[06-Nov-2018 19:05:51 UTC] PHP Fatal error:  Uncaught Error: Call to a member function getId() on null in /home/ubuntu/workspace/proyecto2/usuario/index.php:100
Stack trace:
#0 {main}
  thrown in /home/ubuntu/workspace/proyecto2/usuario/index.php on line 100
[06-Nov-2018 19:07:42 UTC] PHP Notice:  Undefined variable: producto in /home/ubuntu/workspace/proyecto2/usuario/index.php on line 102
[06-Nov-2018 19:07:42 UTC] PHP Fatal error:  Uncaught Error: Call to a member function getId() on null in /home/ubuntu/workspace/proyecto2/usuario/index.php:102
Stack trace:
#0 {main}
  thrown in /home/ubuntu/workspace/proyecto2/usuario/index.php on line 102
[06-Nov-2018 19:08:53 UTC] PHP Notice:  Undefined variable: producto in /home/ubuntu/workspace/proyecto2/usuario/index.php on line 102
[06-Nov-2018 19:08:53 UTC] PHP Fatal error:  Uncaught Error: Call to a member function getId() on null in /home/ubuntu/workspace/proyecto2/usuario/index.php:102
Stack trace:
#0 {main}
  thrown in /home/ubuntu/workspace/proyecto2/usuario/index.php on line 102
[06-Nov-2018 19:09:51 UTC] PHP Notice:  Undefined variable: producto in /home/ubuntu/workspace/proyecto2/usuario/index.php on line 102
[06-Nov-2018 19:09:51 UTC] PHP Fatal error:  Uncaught Error: Call to a member function getId() on null in /home/ubuntu/workspace/proyecto2/usuario/index.php:102
Stack trace:
#0 {main}
  thrown in /home/ubuntu/workspace/proyecto2/usuario/index.php on line 102
[06-Nov-2018 19:11:35 UTC] PHP Notice:  Undefined variable: producto in /home/ubuntu/workspace/proyecto2/usuario/index.php on line 102
[06-Nov-2018 19:11:35 UTC] PHP Fatal error:  Uncaught Error: Call to a member function getId() on null in /home/ubuntu/workspace/proyecto2/usuario/index.php:102
Stack trace:
#0 {main}
  thrown in /home/ubuntu/workspace/proyecto2/usuario/index.php on line 102
[06-Nov-2018 19:14:48 UTC] PHP Notice:  Undefined variable: producto in /home/ubuntu/workspace/proyecto2/usuario/index.php on line 102
[06-Nov-2018 19:14:48 UTC] PHP Fatal error:  Uncaught Error: Call to a member function getId() on null in /home/ubuntu/workspace/proyecto2/usuario/index.php:102
Stack trace:
#0 {main}
  thrown in /home/ubuntu/workspace/proyecto2/usuario/index.php on line 102
[06-Nov-2018 19:18:01 UTC] PHP Notice:  Undefined variable: producto in /home/ubuntu/workspace/proyecto2/usuario/index.php on line 102
[06-Nov-2018 19:18:01 UTC] PHP Fatal error:  Uncaught Error: Call to a member function getId() on null in /home/ubuntu/workspace/proyecto2/usuario/index.php:102
Stack trace:
#0 {main}
  thrown in /home/ubuntu/workspace/proyecto2/usuario/index.php on line 102
[06-Nov-2018 19:32:20 UTC] PHP Fatal error:  Uncaught Error: Class 'izv\managedata\Usuarios' not found in /home/ubuntu/workspace/proyecto2/classes/izv/managedata/ManageProducto.php:64
Stack trace:
#0 /home/ubuntu/workspace/proyecto2/usuario/index.php(14): izv\managedata\ManageProducto->getAll()
#1 {main}
  thrown in /home/ubuntu/workspace/proyecto2/classes/izv/managedata/ManageProducto.php on line 64
[06-Nov-2018 19:32:58 UTC] PHP Fatal error:  Uncaught Error: Class 'izv\data\Usuarios' not found in /home/ubuntu/workspace/proyecto2/classes/izv/managedata/ManageProducto.php:64
Stack trace:
#0 /home/ubuntu/workspace/proyecto2/usuario/index.php(14): izv\managedata\ManageProducto->getAll()
#1 {main}
  thrown in /home/ubuntu/workspace/proyecto2/classes/izv/managedata/ManageProducto.php on line 64
[06-Nov-2018 19:33:00 UTC] PHP Fatal error:  Uncaught Error: Class 'izv\data\Usuarios' not found in /home/ubuntu/workspace/proyecto2/classes/izv/managedata/ManageProducto.php:64
Stack trace:
#0 /home/ubuntu/workspace/proyecto2/usuario/index.php(14): izv\managedata\ManageProducto->getAll()
#1 {main}
  thrown in /home/ubuntu/workspace/proyecto2/classes/izv/managedata/ManageProducto.php on line 64
[06-Nov-2018 19:33:55 UTC] PHP Fatal error:  Uncaught Error: Class 'izv\managedata\Usuarios' not found in /home/ubuntu/workspace/proyecto2/classes/izv/managedata/ManageProducto.php:64
Stack trace:
#0 /home/ubuntu/workspace/proyecto2/usuario/index.php(14): izv\managedata\ManageProducto->getAll()
#1 {main}
  thrown in /home/ubuntu/workspace/proyecto2/classes/izv/managedata/ManageProducto.php on line 64
[06-Nov-2018 19:34:37 UTC] PHP Notice:  Undefined variable: producto in /home/ubuntu/workspace/proyecto2/usuario/index.php on line 102
[06-Nov-2018 19:34:37 UTC] PHP Fatal error:  Uncaught Error: Call to a member function getId() on null in /home/ubuntu/workspace/proyecto2/usuario/index.php:102
Stack trace:
#0 {main}
  thrown in /home/ubuntu/workspace/proyecto2/usuario/index.php on line 102
[06-Nov-2018 19:35:28 UTC] PHP Notice:  Undefined variable: producto in /home/ubuntu/workspace/proyecto2/usuario/index.php on line 102
[06-Nov-2018 19:35:28 UTC] PHP Fatal error:  Uncaught Error: Call to a member function getId() on null in /home/ubuntu/workspace/proyecto2/usuario/index.php:102
Stack trace:
#0 {main}
  thrown in /home/ubuntu/workspace/proyecto2/usuario/index.php on line 102
[06-Nov-2018 19:35:29 UTC] PHP Notice:  Undefined variable: producto in /home/ubuntu/workspace/proyecto2/usuario/index.php on line 102
[06-Nov-2018 19:35:29 UTC] PHP Fatal error:  Uncaught Error: Call to a member function getId() on null in /home/ubuntu/workspace/proyecto2/usuario/index.php:102
Stack trace:
#0 {main}
  thrown in /home/ubuntu/workspace/proyecto2/usuario/index.php on line 102
[06-Nov-2018 19:35:29 UTC] PHP Notice:  Undefined variable: producto in /home/ubuntu/workspace/proyecto2/usuario/index.php on line 102
[06-Nov-2018 19:35:29 UTC] PHP Fatal error:  Uncaught Error: Call to a member function getId() on null in /home/ubuntu/workspace/proyecto2/usuario/index.php:102
Stack trace:
#0 {main}
  thrown in /home/ubuntu/workspace/proyecto2/usuario/index.php on line 102
[06-Nov-2018 19:35:29 UTC] PHP Notice:  Undefined variable: producto in /home/ubuntu/workspace/proyecto2/usuario/index.php on line 102
[06-Nov-2018 19:35:29 UTC] PHP Fatal error:  Uncaught Error: Call to a member function getId() on null in /home/ubuntu/workspace/proyecto2/usuario/index.php:102
Stack trace:
#0 {main}
  thrown in /home/ubuntu/workspace/proyecto2/usuario/index.php on line 102
[06-Nov-2018 19:35:30 UTC] PHP Notice:  Undefined variable: producto in /home/ubuntu/workspace/proyecto2/usuario/index.php on line 102
[06-Nov-2018 19:35:30 UTC] PHP Fatal error:  Uncaught Error: Call to a member function getId() on null in /home/ubuntu/workspace/proyecto2/usuario/index.php:102
Stack trace:
#0 {main}
  thrown in /home/ubuntu/workspace/proyecto2/usuario/index.php on line 102
[06-Nov-2018 19:36:46 UTC] PHP Notice:  Undefined property: izv\data\Usuarios::$Alias in /home/ubuntu/workspace/proyecto2/classes/izv/data/Usuarios.php on line 34
[07-Nov-2018 16:23:14 UTC] PHP Fatal error:  Uncaught TypeError: Argument 1 passed to izv\managedata\ManageProducto::add() must be an instance of izv\data\Usuarios, null given, called in /home/ubuntu/workspace/proyecto2/usuario/doinsert.php on line 15 and defined in /home/ubuntu/workspace/proyecto2/classes/izv/managedata/ManageProducto.php:16
Stack trace:
#0 /home/ubuntu/workspace/proyecto2/usuario/doinsert.php(15): izv\managedata\ManageProducto->add(NULL)
#1 {main}
  thrown in /home/ubuntu/workspace/proyecto2/classes/izv/managedata/ManageProducto.php on line 16
[07-Nov-2018 16:24:46 UTC] PHP Fatal error:  Uncaught Error: Call to a member function getCorreo() on null in /home/ubuntu/workspace/proyecto2/classes/izv/managedata/ManageProducto.php:21
Stack trace:
#0 /home/ubuntu/workspace/proyecto2/usuario/doinsert.php(15): izv\managedata\ManageProducto->add(NULL)
#1 {main}
  thrown in /home/ubuntu/workspace/proyecto2/classes/izv/managedata/ManageProducto.php on line 21
[07-Nov-2018 16:30:16 UTC] PHP Fatal error:  Uncaught Error: Call to a member function getAlias() on null in /home/ubuntu/workspace/proyecto2/classes/izv/managedata/ManageProducto.php:21
Stack trace:
#0 /home/ubuntu/workspace/proyecto2/usuario/doinsert.php(15): izv\managedata\ManageProducto->add(NULL)
#1 {main}
  thrown in /home/ubuntu/workspace/proyecto2/classes/izv/managedata/ManageProducto.php on line 21
[07-Nov-2018 16:30:46 UTC] PHP Fatal error:  Uncaught Error: Call to a member function getAlias() on null in /home/ubuntu/workspace/proyecto2/classes/izv/managedata/ManageProducto.php:22
Stack trace:
#0 /home/ubuntu/workspace/proyecto2/usuario/doinsert.php(15): izv\managedata\ManageProducto->add(NULL)
#1 {main}
  thrown in /home/ubuntu/workspace/proyecto2/classes/izv/managedata/ManageProducto.php on line 22
[07-Nov-2018 16:31:28 UTC] PHP Fatal error:  Uncaught Error: Call to a member function getAlias() on null in /home/ubuntu/workspace/proyecto2/classes/izv/managedata/ManageProducto.php:22
Stack trace:
#0 /home/ubuntu/workspace/proyecto2/usuario/doinsert.php(15): izv\managedata\ManageProducto->add(NULL)
#1 {main}
  thrown in /home/ubuntu/workspace/proyecto2/classes/izv/managedata/ManageProducto.php on line 22
[07-Nov-2018 16:32:39 UTC] PHP Notice:  Undefined variable: _SESSION in /home/ubuntu/workspace/proyecto2/usuario/doinsert.php on line 14
[07-Nov-2018 16:32:39 UTC] PHP Fatal error:  Uncaught TypeError: Argument 1 passed to izv\managedata\ManageProducto::add() must be an instance of izv\data\Usuarios, null given, called in /home/ubuntu/workspace/proyecto2/usuario/doinsert.php on line 16 and defined in /home/ubuntu/workspace/proyecto2/classes/izv/managedata/ManageProducto.php:16
Stack trace:
#0 /home/ubuntu/workspace/proyecto2/usuario/doinsert.php(16): izv\managedata\ManageProducto->add(NULL)
#1 {main}
  thrown in /home/ubuntu/workspace/proyecto2/classes/izv/managedata/ManageProducto.php on line 16
[07-Nov-2018 16:32:57 UTC] PHP Notice:  Undefined variable: _SESSION in /home/ubuntu/workspace/proyecto2/usuario/doinsert.php on line 14
[07-Nov-2018 16:32:57 UTC] PHP Warning:  PDOStatement::execute(): SQLSTATE[HY093]: Invalid parameter number: number of bound variables does not match number of tokens in /home/ubuntu/workspace/proyecto2/classes/izv/database/Database.php on line 73
[07-Nov-2018 16:33:51 UTC] PHP Notice:  Undefined variable: _SESSION in /home/ubuntu/workspace/proyecto2/usuario/doinsert.php on line 14
[07-Nov-2018 16:33:51 UTC] PHP Warning:  PDOStatement::execute(): SQLSTATE[HY093]: Invalid parameter number: number of bound variables does not match number of tokens in /home/ubuntu/workspace/proyecto2/classes/izv/database/Database.php on line 73
[07-Nov-2018 16:34:07 UTC] PHP Notice:  Undefined variable: _SESSION in /home/ubuntu/workspace/proyecto2/usuario/doinsert.php on line 14
[07-Nov-2018 16:34:07 UTC] PHP Warning:  PDOStatement::execute(): SQLSTATE[HY093]: Invalid parameter number: number of bound variables does not match number of tokens in /home/ubuntu/workspace/proyecto2/classes/izv/database/Database.php on line 73
[07-Nov-2018 16:34:45 UTC] PHP Notice:  Undefined variable: _SESSION in /home/ubuntu/workspace/proyecto2/usuario/doinsert.php on line 14
[07-Nov-2018 16:34:45 UTC] PHP Warning:  PDOStatement::execute(): SQLSTATE[HY093]: Invalid parameter number: number of bound variables does not match number of tokens in /home/ubuntu/workspace/proyecto2/classes/izv/database/Database.php on line 73
[07-Nov-2018 16:34:56 UTC] PHP Notice:  Undefined variable: _SESSION in /home/ubuntu/workspace/proyecto2/usuario/doinsert.php on line 14
[07-Nov-2018 16:34:56 UTC] PHP Warning:  PDOStatement::execute(): SQLSTATE[HY093]: Invalid parameter number: number of bound variables does not match number of tokens in /home/ubuntu/workspace/proyecto2/classes/izv/database/Database.php on line 73
[07-Nov-2018 16:41:57 UTC] PHP Notice:  Undefined variable: _SESSION in /home/ubuntu/workspace/proyecto2/usuario/doinsert.php on line 17
[07-Nov-2018 16:41:57 UTC] PHP Warning:  PDOStatement::execute(): SQLSTATE[HY093]: Invalid parameter number: number of bound variables does not match number of tokens in /home/ubuntu/workspace/proyecto2/classes/izv/database/Database.php on line 73
[07-Nov-2018 16:42:33 UTC] PHP Warning:  PDOStatement::execute(): SQLSTATE[HY093]: Invalid parameter number: number of bound variables does not match number of tokens in /home/ubuntu/workspace/proyecto2/classes/izv/database/Database.php on line 73
[07-Nov-2018 16:42:44 UTC] PHP Warning:  PDOStatement::execute(): SQLSTATE[HY093]: Invalid parameter number: number of bound variables does not match number of tokens in /home/ubuntu/workspace/proyecto2/classes/izv/database/Database.php on line 73
[07-Nov-2018 16:42:48 UTC] PHP Warning:  PDOStatement::execute(): SQLSTATE[HY093]: Invalid parameter number: number of bound variables does not match number of tokens in /home/ubuntu/workspace/proyecto2/classes/izv/database/Database.php on line 73
[07-Nov-2018 16:42:56 UTC] PHP Warning:  PDOStatement::execute(): SQLSTATE[HY093]: Invalid parameter number: number of bound variables does not match number of tokens in /home/ubuntu/workspace/proyecto2/classes/izv/database/Database.php on line 73
[07-Nov-2018 16:44:03 UTC] PHP Warning:  PDOStatement::execute(): SQLSTATE[HY093]: Invalid parameter number: number of bound variables does not match number of tokens in /home/ubuntu/workspace/proyecto2/classes/izv/database/Database.php on line 73
[07-Nov-2018 16:44:11 UTC] PHP Warning:  PDOStatement::execute(): SQLSTATE[HY093]: Invalid parameter number: number of bound variables does not match number of tokens in /home/ubuntu/workspace/proyecto2/classes/izv/database/Database.php on line 73
[07-Nov-2018 16:47:06 UTC] PHP Warning:  PDOStatement::execute(): SQLSTATE[HY093]: Invalid parameter number: number of bound variables does not match number of tokens in /home/ubuntu/workspace/proyecto2/classes/izv/database/Database.php on line 73
[07-Nov-2018 16:59:49 UTC] PHP Warning:  PDOStatement::execute(): SQLSTATE[HY093]: Invalid parameter number: number of bound variables does not match number of tokens in /home/ubuntu/workspace/proyecto2/classes/izv/database/Database.php on line 78
[07-Nov-2018 16:59:54 UTC] PHP Warning:  PDOStatement::execute(): SQLSTATE[HY093]: Invalid parameter number: number of bound variables does not match number of tokens in /home/ubuntu/workspace/proyecto2/classes/izv/database/Database.php on line 78
[07-Nov-2018 17:00:23 UTC] PHP Warning:  PDOStatement::execute(): SQLSTATE[HY093]: Invalid parameter number: number of bound variables does not match number of tokens in /home/ubuntu/workspace/proyecto2/classes/izv/database/Database.php on line 78
[07-Nov-2018 17:00:28 UTC] PHP Warning:  PDOStatement::execute(): SQLSTATE[HY093]: Invalid parameter number: number of bound variables does not match number of tokens in /home/ubuntu/workspace/proyecto2/classes/izv/database/Database.php on line 78
[07-Nov-2018 17:01:04 UTC] PHP Warning:  PDOStatement::execute(): SQLSTATE[HY093]: Invalid parameter number: number of bound variables does not match number of tokens in /home/ubuntu/workspace/proyecto2/classes/izv/database/Database.php on line 78
[07-Nov-2018 17:06:08 UTC] PHP Warning:  PDOStatement::execute(): SQLSTATE[HY093]: Invalid parameter number: number of bound variables does not match number of tokens in /home/ubuntu/workspace/proyecto2/classes/izv/database/Database.php on line 78
[07-Nov-2018 17:06:56 UTC] PHP Warning:  PDOStatement::execute(): SQLSTATE[HY093]: Invalid parameter number: number of bound variables does not match number of tokens in /home/ubuntu/workspace/proyecto2/classes/izv/database/Database.php on line 78
[07-Nov-2018 17:07:33 UTC] PHP Warning:  PDOStatement::execute(): SQLSTATE[HY093]: Invalid parameter number: number of bound variables does not match number of tokens in /home/ubuntu/workspace/proyecto2/classes/izv/database/Database.php on line 78
[07-Nov-2018 17:07:49 UTC] PHP Warning:  PDOStatement::execute(): SQLSTATE[HY093]: Invalid parameter number: number of bound variables does not match number of tokens in /home/ubuntu/workspace/proyecto2/classes/izv/database/Database.php on line 78
[07-Nov-2018 17:08:46 UTC] PHP Warning:  PDOStatement::execute(): SQLSTATE[HY093]: Invalid parameter number: number of bound variables does not match number of tokens in /home/ubuntu/workspace/proyecto2/classes/izv/database/Database.php on line 79
[07-Nov-2018 17:09:34 UTC] PHP Warning:  PDOStatement::execute(): SQLSTATE[HY093]: Invalid parameter number: number of bound variables does not match number of tokens in /home/ubuntu/workspace/proyecto2/classes/izv/database/Database.php on line 79
[07-Nov-2018 17:11:36 UTC] PHP Fatal error:  Uncaught Error: Call to undefined method izv\data\Usuarios::fechaalta() in /home/ubuntu/workspace/proyecto2/classes/izv/managedata/ManageProducto.php:27
Stack trace:
#0 /home/ubuntu/workspace/proyecto2/usuario/doinsert.php(18): izv\managedata\ManageProducto->add(Object(izv\data\Usuarios))
#1 {main}
  thrown in /home/ubuntu/workspace/proyecto2/classes/izv/managedata/ManageProducto.php on line 27
[07-Nov-2018 17:11:51 UTC] PHP Warning:  PDOStatement::execute(): SQLSTATE[HY093]: Invalid parameter number: number of bound variables does not match number of tokens in /home/ubuntu/workspace/proyecto2/classes/izv/database/Database.php on line 79
[07-Nov-2018 17:20:06 UTC] PHP Fatal error:  Uncaught Error: Class 'izv\managedata\Producto' not found in /home/ubuntu/workspace/proyecto2/classes/izv/managedata/ManageProducto.php:55
Stack trace:
#0 /home/ubuntu/workspace/proyecto2/usuario/edit.php(21): izv\managedata\ManageProducto->get('3')
#1 {main}
  thrown in /home/ubuntu/workspace/proyecto2/classes/izv/managedata/ManageProducto.php on line 55
[07-Nov-2018 17:20:45 UTC] PHP Fatal error:  Uncaught Error: Class 'izv\managedata\Producto' not found in /home/ubuntu/workspace/proyecto2/classes/izv/managedata/ManageProducto.php:55
Stack trace:
#0 /home/ubuntu/workspace/proyecto2/usuario/edit.php(21): izv\managedata\ManageProducto->get('3')
#1 {main}
  thrown in /home/ubuntu/workspace/proyecto2/classes/izv/managedata/ManageProducto.php on line 55
[07-Nov-2018 17:21:42 UTC] PHP Notice:  Undefined variable: producto in /home/ubuntu/workspace/proyecto2/usuario/edit.php on line 24
[07-Nov-2018 17:21:45 UTC] PHP Notice:  Undefined variable: producto in /home/ubuntu/workspace/proyecto2/usuario/edit.php on line 24
[07-Nov-2018 17:21:48 UTC] PHP Notice:  Undefined variable: producto in /home/ubuntu/workspace/proyecto2/usuario/edit.php on line 24
[07-Nov-2018 17:22:03 UTC] PHP Notice:  Undefined variable: producto in /home/ubuntu/workspace/proyecto2/usuario/edit.php on line 66
[07-Nov-2018 17:22:03 UTC] PHP Fatal error:  Uncaught Error: Call to a member function getNombre() on null in /home/ubuntu/workspace/proyecto2/usuario/edit.php:66
Stack trace:
#0 {main}
  thrown in /home/ubuntu/workspace/proyecto2/usuario/edit.php on line 66
[07-Nov-2018 17:22:45 UTC] PHP Notice:  Undefined variable: producto in /home/ubuntu/workspace/proyecto2/usuario/edit.php on line 66
[07-Nov-2018 17:22:45 UTC] PHP Fatal error:  Uncaught Error: Call to a member function getNombre() on null in /home/ubuntu/workspace/proyecto2/usuario/edit.php:66
Stack trace:
#0 {main}
  thrown in /home/ubuntu/workspace/proyecto2/usuario/edit.php on line 66
[07-Nov-2018 17:22:47 UTC] PHP Notice:  Undefined variable: producto in /home/ubuntu/workspace/proyecto2/usuario/edit.php on line 66
[07-Nov-2018 17:22:47 UTC] PHP Fatal error:  Uncaught Error: Call to a member function getNombre() on null in /home/ubuntu/workspace/proyecto2/usuario/edit.php:66
Stack trace:
#0 {main}
  thrown in /home/ubuntu/workspace/proyecto2/usuario/edit.php on line 66
[07-Nov-2018 17:30:26 UTC] PHP Fatal error:  Uncaught Error: Call to a member function setActivo() on null in /home/ubuntu/workspace/proyecto2/usuario/doedit.php:16
Stack trace:
#0 {main}
  thrown in /home/ubuntu/workspace/proyecto2/usuario/doedit.php on line 16
[07-Nov-2018 17:32:24 UTC] PHP Fatal error:  Uncaught Error: Call to a member function setActivo() on null in /home/ubuntu/workspace/proyecto2/usuario/doedit.php:16
Stack trace:
#0 {main}
  thrown in /home/ubuntu/workspace/proyecto2/usuario/doedit.php on line 16
[07-Nov-2018 17:34:33 UTC] PHP Notice:  Undefined variable: producto in /home/ubuntu/workspace/proyecto2/classes/izv/managedata/ManageProducto.php on line 41
[07-Nov-2018 17:34:33 UTC] PHP Fatal error:  Uncaught Error: Call to a member function get() on null in /home/ubuntu/workspace/proyecto2/classes/izv/managedata/ManageProducto.php:41
Stack trace:
#0 /home/ubuntu/workspace/proyecto2/usuario/doedit.php(20): izv\managedata\ManageProducto->edit(Object(izv\data\Usuarios))
#1 {main}
  thrown in /home/ubuntu/workspace/proyecto2/classes/izv/managedata/ManageProducto.php on line 41
[07-Nov-2018 17:34:59 UTC] PHP Warning:  PDOStatement::execute(): SQLSTATE[HY093]: Invalid parameter number: number of bound variables does not match number of tokens in /home/ubuntu/workspace/proyecto2/classes/izv/database/Database.php on line 79
[07-Nov-2018 17:35:17 UTC] PHP Warning:  PDOStatement::execute(): SQLSTATE[HY093]: Invalid parameter number: number of bound variables does not match number of tokens in /home/ubuntu/workspace/proyecto2/classes/izv/database/Database.php on line 79
[07-Nov-2018 17:35:46 UTC] PHP Warning:  PDOStatement::execute(): SQLSTATE[HY093]: Invalid parameter number: number of bound variables does not match number of tokens in /home/ubuntu/workspace/proyecto2/classes/izv/database/Database.php on line 79
[07-Nov-2018 17:36:31 UTC] PHP Warning:  PDOStatement::execute(): SQLSTATE[HY093]: Invalid parameter number: number of bound variables does not match number of tokens in /home/ubuntu/workspace/proyecto2/classes/izv/database/Database.php on line 79
[07-Nov-2018 17:46:36 UTC] PHP Parse error:  syntax error, unexpected '$db' (T_VARIABLE), expecting ',' or ';' in /home/ubuntu/workspace/proyecto2/usuario/edit.php on line 23
[07-Nov-2018 17:46:43 UTC] PHP Fatal error:  Uncaught Error: Class 'util' not found in /home/ubuntu/workspace/proyecto2/usuario/edit.php:22
Stack trace:
#0 {main}
  thrown in /home/ubuntu/workspace/proyecto2/usuario/edit.php on line 22
[07-Nov-2018 17:48:18 UTC] PHP Fatal error:  Uncaught Error: Class 'Util' not found in /home/ubuntu/workspace/proyecto2/usuario/edit.php:86
Stack trace:
#0 {main}
  thrown in /home/ubuntu/workspace/proyecto2/usuario/edit.php on line 86
[07-Nov-2018 17:55:50 UTC] PHP Fatal error:  Uncaught Error: Call to a member function beginTransaction() on null in /home/ubuntu/workspace/proyecto2/usuario/dodelete.php:23
Stack trace:
#0 {main}
  thrown in /home/ubuntu/workspace/proyecto2/usuario/dodelete.php on line 23
[07-Nov-2018 17:55:56 UTC] PHP Fatal error:  Uncaught Error: Call to a member function beginTransaction() on null in /home/ubuntu/workspace/proyecto2/usuario/dodelete.php:23
Stack trace:
#0 {main}
  thrown in /home/ubuntu/workspace/proyecto2/usuario/dodelete.php on line 23
[07-Nov-2018 17:56:13 UTC] PHP Fatal error:  Uncaught Error: Call to a member function beginTransaction() on null in /home/ubuntu/workspace/proyecto2/usuario/dodelete.php:23
Stack trace:
#0 {main}
  thrown in /home/ubuntu/workspace/proyecto2/usuario/dodelete.php on line 23
[07-Nov-2018 17:57:19 UTC] PHP Fatal error:  Uncaught Error: Call to a member function beginTransaction() on null in /home/ubuntu/workspace/proyecto2/usuario/dodelete.php:23
Stack trace:
#0 {main}
  thrown in /home/ubuntu/workspace/proyecto2/usuario/dodelete.php on line 23
[07-Nov-2018 17:57:31 UTC] PHP Fatal error:  Uncaught Error: Call to a member function beginTransaction() on null in /home/ubuntu/workspace/proyecto2/usuario/dodelete.php:23
Stack trace:
#0 {main}
  thrown in /home/ubuntu/workspace/proyecto2/usuario/dodelete.php on line 23
[07-Nov-2018 17:58:14 UTC] PHP Fatal error:  Uncaught Error: Call to a member function beginTransaction() on null in /home/ubuntu/workspace/proyecto2/usuario/dodelete.php:23
Stack trace:
#0 {main}
  thrown in /home/ubuntu/workspace/proyecto2/usuario/dodelete.php on line 23
[07-Nov-2018 17:58:24 UTC] PHP Fatal error:  Uncaught Error: Call to a member function beginTransaction() on null in /home/ubuntu/workspace/proyecto2/usuario/dodelete.php:23
Stack trace:
#0 {main}
  thrown in /home/ubuntu/workspace/proyecto2/usuario/dodelete.php on line 23
[07-Nov-2018 18:00:01 UTC] PHP Notice:  Undefined variable: resultadoParcial in /home/ubuntu/workspace/proyecto2/usuario/dodelete.php on line 25
[07-Nov-2018 18:00:01 UTC] PHP Notice:  Undefined variable: resultado in /home/ubuntu/workspace/proyecto2/usuario/dodelete.php on line 29
[07-Nov-2018 18:15:11 UTC] PHP Notice:  Undefined variable: resultadoParcial in /home/ubuntu/workspace/proyecto2/usuario/dodelete.php on line 25
[07-Nov-2018 18:15:11 UTC] PHP Notice:  Undefined variable: resultado in /home/ubuntu/workspace/proyecto2/usuario/dodelete.php on line 29
